<?xml version="1.0" encoding="UTF-8"?>
<testsuite name="io.greenerpastures.rest.realcomp.PaidDaysOffTest" tests="4" skipped="0" failures="0" errors="0" timestamp="2020-08-13T13:56:15" hostname="Marks-MacBook-Pro.local" time="0.008">
  <properties/>
  <testcase name="testTotalDaysOff()" classname="io.greenerpastures.rest.realcomp.PaidDaysOffTest" time="0.003"/>
  <testcase name="testTotalUnWorkedHoursPaid()" classname="io.greenerpastures.rest.realcomp.PaidDaysOffTest" time="0.001"/>
  <testcase name="testTotalDaysAtOfficeInAMonth()" classname="io.greenerpastures.rest.realcomp.PaidDaysOffTest" time="0.001"/>
  <testcase name="testTotalDaysAtOffice()" classname="io.greenerpastures.rest.realcomp.PaidDaysOffTest" time="0.001"/>
  <system-out><![CDATA[]]></system-out>
  <system-err><![CDATA[]]></system-err>
</testsuite>
