<?xml version="1.0" encoding="UTF-8"?>
<testsuite name="io.greenerpastures.rest.bestopportunity.production.CostOfLivingCalculatorTest" tests="1" skipped="0" failures="0" errors="0" timestamp="2020-07-29T13:48:09" hostname="Marks-MacBook-Pro.local" time="1.213">
  <properties/>
  <testcase name="testCostOfLivingCalculator()" classname="io.greenerpastures.rest.bestopportunity.production.CostOfLivingCalculatorTest" time="1.213"/>
  <system-out><![CDATA[08:48:09.887 [Test worker] DEBUG org.springframework.web.client.RestTemplate - HTTP POST https://greenpastures.herokuapp.com/calculate
08:48:09.896 [Test worker] DEBUG org.springframework.web.client.RestTemplate - Accept=[text/plain, application/json, application/*+json, */*]
08:48:09.900 [Test worker] DEBUG org.springframework.web.client.RestTemplate - Writing [{"filing_status":"married","state":"NM","pay_rate":110000}] as "application/json"
08:48:10.718 [Test worker] DEBUG org.springframework.web.client.RestTemplate - Response 200 OK
08:48:10.720 [Test worker] DEBUG org.springframework.web.client.RestTemplate - Reading to [java.lang.String] as "application/json"
]]></system-out>
  <system-err><![CDATA[]]></system-err>
</testsuite>
