<?xml version="1.0" encoding="UTF-8"?>
<testsuite name="io.greenerpastures.rest.bestopportunity.service.CostOfLivingServiceTest" tests="2" skipped="0" failures="0" errors="0" timestamp="2020-07-12T13:21:41" hostname="Marks-MacBook-Pro.local" time="0.247">
  <properties/>
  <testcase name="it_should_return_state_cost_of_living()" classname="io.greenerpastures.rest.bestopportunity.service.CostOfLivingServiceTest" time="0.24"/>
  <testcase name="it_should_create_an_in_memory_cost_of_living()" classname="io.greenerpastures.rest.bestopportunity.service.CostOfLivingServiceTest" time="0.006"/>
  <system-out><![CDATA[StateCostOfLiving(stateName=null, averageSalary=null, averageRent=1590, valueOfADollar=1.00, initials=FL)
51
]]></system-out>
  <system-err><![CDATA[]]></system-err>
</testsuite>
